<?xml version="1.0" encoding="UTF-8"?>
<coverage generated="1542083509988" clover="3.2.0">
  <project timestamp="1542083509988" name="All files">
    <metrics statements="2" coveredstatements="2" conditionals="2" coveredconditionals="2" methods="0" coveredmethods="0" elements="4" coveredelements="4" complexity="0" loc="2" ncloc="2" packages="1" files="1" classes="1">
      <file name="HelloComponent.vue" path="C:\Users\CamiloAlejandro\Desktop\Practices\geometric-shapes\src\components\HelloComponent.vue">
        <metrics statements="2" coveredstatements="2" conditionals="2" coveredconditionals="2" methods="0" coveredmethods="0"/>
        <line num="17" count="1" type="stmt"/>
        <line num="24" count="3" type="cond" truecount="2" falsecount="0"/>
      </file>
    </metrics>
  </project>
</coverage>
