{"C:\\Users\\CamiloAlejandro\\Desktop\\Practices\\geometric-shapes\\src\\components\\HelloComponent.vue": {"path":"C:\\Users\\CamiloAlejandro\\Desktop\\Practices\\geometric-shapes\\src\\components\\HelloComponent.vue","statementMap":{"0":{"start":{"line":12,"column":0},"end":{"line":null,"column":-1}},"1":{"start":{"line":19,"column":0},"end":{"line":null,"column":-1}}},"fnMap":{},"branchMap":{},"s":{"0":1,"1":0},"f":{},"b":{}}
,"C:\\Users\\CamiloAlejandro\\Desktop\\Practices\\geometric-shapes\\src\\utils\\index.js": {"path":"C:\\Users\\CamiloAlejandro\\Desktop\\Practices\\geometric-shapes\\src\\utils\\index.js","statementMap":{"0":{"start":{"line":1,"column":19},"end":{"line":1,"column":34}},"1":{"start":{"line":1,"column":29},"end":{"line":1,"column":34}},"2":{"start":{"line":2,"column":19},"end":{"line":2,"column":34}},"3":{"start":{"line":2,"column":29},"end":{"line":2,"column":34}},"4":{"start":{"line":3,"column":19},"end":{"line":3,"column":34}},"5":{"start":{"line":3,"column":29},"end":{"line":3,"column":34}},"6":{"start":{"line":4,"column":19},"end":{"line":4,"column":34}},"7":{"start":{"line":4,"column":29},"end":{"line":4,"column":34}},"8":{"start":{"line":6,"column":25},"end":{"line":6,"column":47}},"9":{"start":{"line":6,"column":38},"end":{"line":6,"column":47}},"10":{"start":{"line":8,"column":20},"end":{"line":8,"column":43}},"11":{"start":{"line":8,"column":30},"end":{"line":8,"column":43}}},"fnMap":{"0":{"name":"(anonymous_0)","decl":{"start":{"line":1,"column":19},"end":{"line":1,"column":20}},"loc":{"start":{"line":1,"column":29},"end":{"line":1,"column":34}},"line":1},"1":{"name":"(anonymous_1)","decl":{"start":{"line":2,"column":19},"end":{"line":2,"column":20}},"loc":{"start":{"line":2,"column":29},"end":{"line":2,"column":34}},"line":2},"2":{"name":"(anonymous_2)","decl":{"start":{"line":3,"column":19},"end":{"line":3,"column":20}},"loc":{"start":{"line":3,"column":29},"end":{"line":3,"column":34}},"line":3},"3":{"name":"(anonymous_3)","decl":{"start":{"line":4,"column":19},"end":{"line":4,"column":20}},"loc":{"start":{"line":4,"column":29},"end":{"line":4,"column":34}},"line":4},"4":{"name":"(anonymous_4)","decl":{"start":{"line":6,"column":25},"end":{"line":6,"column":26}},"loc":{"start":{"line":6,"column":38},"end":{"line":6,"column":47}},"line":6},"5":{"name":"(anonymous_5)","decl":{"start":{"line":8,"column":20},"end":{"line":8,"column":21}},"loc":{"start":{"line":8,"column":30},"end":{"line":8,"column":43}},"line":8}},"branchMap":{},"s":{"0":1,"1":1,"2":1,"3":1,"4":1,"5":1,"6":1,"7":1,"8":1,"9":0,"10":1,"11":0},"f":{"0":1,"1":1,"2":1,"3":1,"4":0,"5":0},"b":{},"_coverageSchema":"332fd63041d2c1bcb487cc26dd0d5f7d97098a6c","hash":"7f19d39939aff0aba2395a5d1f92c2d0e2fe516c"}
}
